This is pdfTeX, Version 3.14159265-2.6-1.40.21 (TeX Live 2020/W32TeX) (preloaded format=pdflatex 2021.3.8)  23 SEP 2021 18:11
entering extended mode
 restricted \write18 enabled.
 file:line:error style messages enabled.
 %&-line parsing enabled.
**"d:/Lee Geonju/학교/lecture note, syllabus/21 fall/그래프 마이닝 및 소셜 네트워크 분석/HW/hw1/report.tex"
(d:/Lee Geonju/학교/lecture note, syllabus/21 fall/그래프 마이닝 및 소셜 네트워크 분석/HW/hw1/report.tex
LaTeX2e <2020-10-01> patch level 4
L3 programming layer <2021-02-18> (c:/texlive/2020/texmf-dist/tex/latex/base/article.cls
Document Class: article 2020/04/10 v1.4m Standard LaTeX document class
(c:/texlive/2020/texmf-dist/tex/latex/base/size12.clo
File: size12.clo 2020/04/10 v1.4m Standard LaTeX file (size option)
)
\c@part=\count179
\c@section=\count180
\c@subsection=\count181
\c@subsubsection=\count182
\c@paragraph=\count183
\c@subparagraph=\count184
\c@figure=\count185
\c@table=\count186
\abovecaptionskip=\skip47
\belowcaptionskip=\skip48
\bibindent=\dimen138
) (c:/texlive/2020/texmf-dist/tex/latex/graphics/graphicx.sty
Package: graphicx 2020/09/09 v1.2b Enhanced LaTeX Graphics (DPC,SPQR)
 (c:/texlive/2020/texmf-dist/tex/latex/graphics/keyval.sty
Package: keyval 2014/10/28 v1.15 key=value parser (DPC)
\KV@toks@=\toks15
) (c:/texlive/2020/texmf-dist/tex/latex/graphics/graphics.sty
Package: graphics 2020/08/30 v1.4c Standard LaTeX Graphics (DPC,SPQR)
 (c:/texlive/2020/texmf-dist/tex/latex/graphics/trig.sty
Package: trig 2016/01/03 v1.10 sin cos tan (DPC)
) (c:/texlive/2020/texmf-dist/tex/latex/graphics-cfg/graphics.cfg
File: graphics.cfg 2016/06/04 v1.11 sample graphics configuration
)
Package graphics Info: Driver file: pdftex.def on input line 105.
 (c:/texlive/2020/texmf-dist/tex/latex/graphics-def/pdftex.def
File: pdftex.def 2020/10/05 v1.2a Graphics/color driver for pdftex
))
\Gin@req@height=\dimen139
\Gin@req@width=\dimen140
) (c:/texlive/2020/texmf-dist/tex/latex/base/inputenc.sty
Package: inputenc 2020/08/01 v1.3d Input encoding file
\inpenc@prehook=\toks16
\inpenc@posthook=\toks17
) (c:/texlive/2020/texmf-dist/tex/latex/tools/longtable.sty
Package: longtable 2020/01/07 v4.13 Multi-page Table package (DPC)
\LTleft=\skip49
\LTright=\skip50
\LTpre=\skip51
\LTpost=\skip52
\LTchunksize=\count187
\LTcapwidth=\dimen141
\LT@head=\box47
\LT@firsthead=\box48
\LT@foot=\box49
\LT@lastfoot=\box50
\LT@cols=\count188
\LT@rows=\count189
\c@LT@tables=\count190
\c@LT@chunks=\count191
\LT@p@ftn=\toks18
) (c:/texlive/2020/texmf-dist/tex/latex/l3backend/l3backend-pdftex.def
File: l3backend-pdftex.def 2021-03-02 L3 backend support: PDF output (pdfTeX)
\l__color_backend_stack_int=\count192
\l__pdf_internal_box=\box51
) (d:/Lee Geonju/학교/lecture note, syllabus/21 fall/그래프 마이닝 및 소셜 네트워크 분석/HW/hw1/report.aux)
\openout1 = `report.aux'.

LaTeX Font Info:    Checking defaults for OML/cmm/m/it on input line 10.
LaTeX Font Info:    ... okay on input line 10.
LaTeX Font Info:    Checking defaults for OMS/cmsy/m/n on input line 10.
LaTeX Font Info:    ... okay on input line 10.
LaTeX Font Info:    Checking defaults for OT1/cmr/m/n on input line 10.
LaTeX Font Info:    ... okay on input line 10.
LaTeX Font Info:    Checking defaults for T1/cmr/m/n on input line 10.
LaTeX Font Info:    ... okay on input line 10.
LaTeX Font Info:    Checking defaults for TS1/cmr/m/n on input line 10.
LaTeX Font Info:    ... okay on input line 10.
LaTeX Font Info:    Checking defaults for OMX/cmex/m/n on input line 10.
LaTeX Font Info:    ... okay on input line 10.
LaTeX Font Info:    Checking defaults for U/cmr/m/n on input line 10.
LaTeX Font Info:    ... okay on input line 10.
 (c:/texlive/2020/texmf-dist/tex/context/base/mkii/supp-pdf.mkii
[Loading MPS to PDF converter (version 2006.09.02).]
\scratchcounter=\count193
\scratchdimen=\dimen142
\scratchbox=\box52
\nofMPsegments=\count194
\nofMParguments=\count195
\everyMPshowfont=\toks19
\MPscratchCnt=\count196
\MPscratchDim=\dimen143
\MPnumerator=\count197
\makeMPintoPDFobject=\count198
\everyMPtoPDFconversion=\toks20
) (c:/texlive/2020/texmf-dist/tex/latex/epstopdf-pkg/epstopdf-base.sty
Package: epstopdf-base 2020-01-24 v2.11 Base part for package epstopdf
Package epstopdf-base Info: Redefining graphics rule for `.eps' on input line 485.
 (c:/texlive/2020/texmf-dist/tex/latex/latexconfig/epstopdf-sys.cfg
File: epstopdf-sys.cfg 2010/07/13 v1.3 Configuration of (r)epstopdf for TeX Live
))
LaTeX Font Info:    External font `cmex10' loaded for size
(Font)              <14.4> on input line 12.
LaTeX Font Info:    External font `cmex10' loaded for size
(Font)              <7> on input line 12.
<1S_indeg.png, id=1, 462.528pt x 346.896pt>
File: 1S_indeg.png Graphic file (type png)
<use 1S_indeg.png>
Package pdftex.def Info: 1S_indeg.png  used on input line 19.
(pdftex.def)             Requested size: 195.0pt x 146.2511pt.
<1S_outdeg.png, id=3, 462.528pt x 346.896pt>
File: 1S_outdeg.png Graphic file (type png)
<use 1S_outdeg.png>
Package pdftex.def Info: 1S_outdeg.png  used on input line 19.
(pdftex.def)             Requested size: 195.0pt x 146.2511pt.
<1L_indeg.png, id=4, 462.528pt x 346.896pt>
File: 1L_indeg.png Graphic file (type png)
<use 1L_indeg.png>
Package pdftex.def Info: 1L_indeg.png  used on input line 20.
(pdftex.def)             Requested size: 195.0pt x 146.2511pt.
<1L_outdeg.png, id=5, 462.528pt x 346.896pt>
File: 1L_outdeg.png Graphic file (type png)
<use 1L_outdeg.png>
Package pdftex.def Info: 1L_outdeg.png  used on input line 20.
(pdftex.def)             Requested size: 195.0pt x 146.2511pt.
<2S_indeg.png, id=6, 462.528pt x 346.896pt>
File: 2S_indeg.png Graphic file (type png)
<use 2S_indeg.png>
Package pdftex.def Info: 2S_indeg.png  used on input line 21.
(pdftex.def)             Requested size: 195.0pt x 146.2511pt.
<2S_outdeg.png, id=7, 462.528pt x 346.896pt>
File: 2S_outdeg.png Graphic file (type png)
<use 2S_outdeg.png>
Package pdftex.def Info: 2S_outdeg.png  used on input line 21.
(pdftex.def)             Requested size: 195.0pt x 146.2511pt.
<2L_indeg.png, id=8, 462.528pt x 346.896pt>
File: 2L_indeg.png Graphic file (type png)
<use 2L_indeg.png>
Package pdftex.def Info: 2L_indeg.png  used on input line 22.
(pdftex.def)             Requested size: 195.0pt x 146.2511pt.
<2L_outdeg.png, id=9, 462.528pt x 346.896pt>
File: 2L_outdeg.png Graphic file (type png)
<use 2L_outdeg.png>
Package pdftex.def Info: 2L_outdeg.png  used on input line 22.
(pdftex.def)             Requested size: 195.0pt x 146.2511pt.
<3S_indeg.png, id=10, 462.528pt x 346.896pt>
File: 3S_indeg.png Graphic file (type png)
<use 3S_indeg.png>
Package pdftex.def Info: 3S_indeg.png  used on input line 23.
(pdftex.def)             Requested size: 195.0pt x 146.2511pt.
<3S_outdeg.png, id=11, 462.528pt x 346.896pt>
File: 3S_outdeg.png Graphic file (type png)
<use 3S_outdeg.png>
Package pdftex.def Info: 3S_outdeg.png  used on input line 23.
(pdftex.def)             Requested size: 195.0pt x 146.2511pt.
<3L_indeg.png, id=12, 462.528pt x 346.896pt>
File: 3L_indeg.png Graphic file (type png)
<use 3L_indeg.png>
Package pdftex.def Info: 3L_indeg.png  used on input line 24.
(pdftex.def)             Requested size: 195.0pt x 146.2511pt.
<3L_outdeg.png, id=13, 462.528pt x 346.896pt>
File: 3L_outdeg.png Graphic file (type png)
<use 3L_outdeg.png>
Package pdftex.def Info: 3L_outdeg.png  used on input line 24.
(pdftex.def)             Requested size: 195.0pt x 146.2511pt.
LaTeX Font Info:    External font `cmex10' loaded for size
(Font)              <12> on input line 25.
LaTeX Font Info:    External font `cmex10' loaded for size
(Font)              <8> on input line 25.
LaTeX Font Info:    External font `cmex10' loaded for size
(Font)              <6> on input line 25.

Overfull \hbox (15.91664pt too wide) in alignment at lines 18--26
 [] [] 
 []

[1

{c:/texlive/2020/texmf-var/fonts/map/pdftex/updmap/pdftex.map} <d:/Lee Geonju/학교/lecture note, syllabus/21 fall/그래프 마이닝 및 소셜 네트워크 분석/HW/hw1/1S_indeg.png> <d:/Lee Geonju/학교/lecture note, syllabus/21 fall/그래프 마이닝 및 소셜 네트워크 분석/HW/hw1/1S_outdeg.png> <d:/Lee Geonju/학교/lecture note, syllabus/21 fall/그래프 마이닝 및 소셜 네트워크 분석/HW/hw1/1L_indeg.png> <d:/Lee Geonju/학교/lecture note, syllabus/21 fall/그래프 마이닝 및 소셜 네트워크 분석/HW/hw1/1L_outdeg.png>] [2 <d:/Lee Geonju/학교/lecture note, syllabus/21 fall/그래프 마이닝 및 소셜 네트워크 분석/HW/hw1/2S_indeg.png> <d:/Lee Geonju/학교/lecture note, syllabus/21 fall/그래프 마이닝 및 소셜 네트워크 분석/HW/hw1/2S_outdeg.png> <d:/Lee Geonju/학교/lecture note, syllabus/21 fall/그래프 마이닝 및 소셜 네트워크 분석/HW/hw1/2L_indeg.png> <d:/Lee Geonju/학교/lecture note, syllabus/21 fall/그래프 마이닝 및 소셜 네트워크 분석/HW/hw1/2L_outdeg.png> <d:/Lee Geonju/학교/lecture note, syllabus/21 fall/그래프 마이닝 및 소셜 네트워크 분석/HW/hw1/3S_indeg.png> <d:/Lee Geonju/학교/lecture note, syllabus/21 fall/그래프 마이닝 및 소셜 네트워크 분석/HW/hw1/3S_outdeg.png>]
<1S_svd.png, id=35, 462.528pt x 346.896pt>
File: 1S_svd.png Graphic file (type png)
<use 1S_svd.png>
Package pdftex.def Info: 1S_svd.png  used on input line 36.
(pdftex.def)             Requested size: 195.0pt x 146.2511pt.
<1L_svd.png, id=36, 462.528pt x 346.896pt>
File: 1L_svd.png Graphic file (type png)
<use 1L_svd.png>
Package pdftex.def Info: 1L_svd.png  used on input line 36.
(pdftex.def)             Requested size: 195.0pt x 146.2511pt.
<2S_svd.png, id=37, 462.528pt x 346.896pt>
File: 2S_svd.png Graphic file (type png)
<use 2S_svd.png>
Package pdftex.def Info: 2S_svd.png  used on input line 37.
(pdftex.def)             Requested size: 195.0pt x 146.2511pt.
<2L_svd.png, id=38, 462.528pt x 346.896pt>
File: 2L_svd.png Graphic file (type png)
<use 2L_svd.png>
Package pdftex.def Info: 2L_svd.png  used on input line 37.
(pdftex.def)             Requested size: 195.0pt x 146.2511pt.
<3S_svd.png, id=39, 462.528pt x 346.896pt>
File: 3S_svd.png Graphic file (type png)
<use 3S_svd.png>
Package pdftex.def Info: 3S_svd.png  used on input line 38.
(pdftex.def)             Requested size: 195.0pt x 146.2511pt.
<3L_svd.png, id=40, 462.528pt x 346.896pt>
File: 3L_svd.png Graphic file (type png)
<use 3L_svd.png>
Package pdftex.def Info: 3L_svd.png  used on input line 38.
(pdftex.def)             Requested size: 195.0pt x 146.2511pt.

Overfull \hbox (15.91664pt too wide) in alignment at lines 35--40
 [] [] 
 []

[3 <d:/Lee Geonju/학교/lecture note, syllabus/21 fall/그래프 마이닝 및 소셜 네트워크 분석/HW/hw1/3L_indeg.png> <d:/Lee Geonju/학교/lecture note, syllabus/21 fall/그래프 마이닝 및 소셜 네트워크 분석/HW/hw1/3L_outdeg.png> <d:/Lee Geonju/학교/lecture note, syllabus/21 fall/그래프 마이닝 및 소셜 네트워크 분석/HW/hw1/1S_svd.png> <d:/Lee Geonju/학교/lecture note, syllabus/21 fall/그래프 마이닝 및 소셜 네트워크 분석/HW/hw1/1L_svd.png>] [4 <d:/Lee Geonju/학교/lecture note, syllabus/21 fall/그래프 마이닝 및 소셜 네트워크 분석/HW/hw1/2S_svd.png> <d:/Lee Geonju/학교/lecture note, syllabus/21 fall/그래프 마이닝 및 소셜 네트워크 분석/HW/hw1/2L_svd.png> <d:/Lee Geonju/학교/lecture note, syllabus/21 fall/그래프 마이닝 및 소셜 네트워크 분석/HW/hw1/3S_svd.png> <d:/Lee Geonju/학교/lecture note, syllabus/21 fall/그래프 마이닝 및 소셜 네트워크 분석/HW/hw1/3L_svd.png>] [5] (d:/Lee Geonju/학교/lecture note, syllabus/21 fall/그래프 마이닝 및 소셜 네트워크 분석/HW/hw1/report.aux) ) 
Here is how much of TeX's memory you used:
 1413 strings out of 479023
 21838 string characters out of 5863351
 310933 words of memory out of 5000000
 18897 multiletter control sequences out of 15000+600000
 407984 words of font info for 42 fonts, out of 8000000 for 9000
 1141 hyphenation exceptions out of 8191
 68i,8n,74p,444b,292s stack positions out of 5000i,500n,10000p,200000b,80000s
<c:/texlive/2020/texmf-dist/fonts/type1/public/amsfonts/cm/cmbx12.pfb><c:/texlive/2020/texmf-dist/fonts/type1/public/amsfonts/cm/cmmi12.pfb><c:/texlive/2020/texmf-dist/fonts/type1/public/amsfonts/cm/cmmi8.pfb><c:/texlive/2020/texmf-dist/fonts/type1/public/amsfonts/cm/cmr12.pfb><c:/texlive/2020/texmf-dist/fonts/type1/public/amsfonts/cm/cmr17.pfb><c:/texlive/2020/texmf-dist/fonts/type1/public/amsfonts/cm/cmr8.pfb>
Output written on "d:/Lee Geonju/학교/lecture note, syllabus/21 fall/그래프 마이닝 및 소셜 네트워크 분석/HW/hw1/report.pdf" (5 pages, 255072 bytes).
PDF statistics:
 81 PDF objects out of 1000 (max. 8388607)
 31 compressed objects within 1 object stream
 0 named destinations out of 1000 (max. 500000)
 91 words of extra memory for PDF output out of 10000 (max. 10000000)

